<?xml version="1.0" encoding="UTF-8"?>
<!-- Generated by org.testng.reporters.JUnitReportReporter -->
<testsuite hostname="EPUAKHAW0236" name="mail.MailYandexTests" tests="4" failures="0" timestamp="27 May 2015 15:46:04 GMT" time="13.532" errors="0">
  <testcase name="sendTheLetter" time="3.789" classname="mail.MailYandexTests"/>
  <testcase name="checkTheLetter" time="0.961" classname="mail.MailYandexTests"/>
  <testcase name="loginToMail" time="4.958" classname="mail.MailYandexTests"/>
  <testcase name="beginCreationOfLetter" time="3.824" classname="mail.MailYandexTests"/>
</testsuite> <!-- mail.MailYandexTests -->
