<?xml version="1.0" encoding="UTF-8"?>
<!-- Generated by org.testng.reporters.JUnitReportReporter -->
<testsuite hostname="EPUAKHAW0236" name="mail.MailIUATests" tests="4" failures="0" timestamp="27 May 2015 15:46:04 GMT" time="27.460" errors="0">
  <testcase name="beginCreationOfLetter" time="6.452" classname="mail.MailIUATests"/>
  <testcase name="loginToMail" time="3.448" classname="mail.MailIUATests"/>
  <testcase name="sendTheLetter" time="15.907" classname="mail.MailIUATests"/>
  <testcase name="checkTheLetter" time="1.653" classname="mail.MailIUATests"/>
</testsuite> <!-- mail.MailIUATests -->
