<?xml version="1.0" encoding="UTF-8"?>
<!-- Generated by org.testng.reporters.JUnitReportReporter -->
<testsuite hostname="EPUAKHAW0236" name="mail.MailYandexTests" tests="4" failures="0" timestamp="26 May 2015 12:07:00 GMT" time="16.073" errors="0">
  <testcase name="sendTheLetter" time="3.435" classname="mail.MailYandexTests"/>
  <testcase name="checkTheLetter" time="0.907" classname="mail.MailYandexTests"/>
  <testcase name="loginToMail" time="4.996" classname="mail.MailYandexTests"/>
  <testcase name="beginCreationOfLetter" time="6.735" classname="mail.MailYandexTests"/>
</testsuite> <!-- mail.MailYandexTests -->
