<?xml version="1.0" encoding="UTF-8"?>
<!-- Generated by org.testng.reporters.JUnitReportReporter -->
<testsuite hostname="EPUAKHAW0236" name="mail.MailGmailTests" tests="4" failures="0" timestamp="25 May 2015 16:42:54 GMT" time="0.001" errors="4">
  <testcase name="beginCreationOfLetter" time="0.000" classname="mail.MailGmailTests">
    <error type="java.lang.Throwable" message="Method MailGmailTests.beginCreationOfLetter()[pri:0, instance:mail.MailGmailTests@2f7c7260] depends on not successfully finished methods">
      <![CDATA[java.lang.Throwable: Method MailGmailTests.beginCreationOfLetter()[pri:0, instance:mail.MailGmailTests@2f7c7260] depends on not successfully finished methods
	at org.testng.internal.Invoker.invokeTestMethods(Invoker.java:1063)
	at org.testng.internal.TestMethodWorker.invokeTestMethods(TestMethodWorker.java:125)
	at org.testng.internal.TestMethodWorker.run(TestMethodWorker.java:108)
	at org.testng.TestRunner.privateRun(TestRunner.java:771)
	at org.testng.TestRunner.run(TestRunner.java:621)
	at org.testng.SuiteRunner.runTest(SuiteRunner.java:357)
	at org.testng.SuiteRunner.runSequentially(SuiteRunner.java:352)
	at org.testng.SuiteRunner.privateRun(SuiteRunner.java:310)
	at org.testng.SuiteRunner.run(SuiteRunner.java:259)
	at org.testng.SuiteRunnerWorker.runSuite(SuiteRunnerWorker.java:52)
	at org.testng.SuiteRunnerWorker.run(SuiteRunnerWorker.java:86)
	at org.testng.TestNG.runSuitesSequentially(TestNG.java:1199)
	at org.testng.TestNG.runSuitesLocally(TestNG.java:1124)
	at org.testng.TestNG.run(TestNG.java:1032)
	at org.testng.remote.RemoteTestNG.run(RemoteTestNG.java:111)
	at org.testng.remote.RemoteTestNG.initAndRun(RemoteTestNG.java:204)
	at org.testng.remote.RemoteTestNG.main(RemoteTestNG.java:175)
]]>
    </error>
  </testcase> <!-- beginCreationOfLetter -->
  <testcase name="sendTheLetter" time="0.000" classname="mail.MailGmailTests">
    <error type="java.lang.Throwable" message="Method MailGmailTests.sendTheLetter()[pri:0, instance:mail.MailGmailTests@2f7c7260] depends on not successfully finished methods">
      <![CDATA[java.lang.Throwable: Method MailGmailTests.sendTheLetter()[pri:0, instance:mail.MailGmailTests@2f7c7260] depends on not successfully finished methods
	at org.testng.internal.Invoker.invokeTestMethods(Invoker.java:1063)
	at org.testng.internal.TestMethodWorker.invokeTestMethods(TestMethodWorker.java:125)
	at org.testng.internal.TestMethodWorker.run(TestMethodWorker.java:108)
	at org.testng.TestRunner.privateRun(TestRunner.java:771)
	at org.testng.TestRunner.run(TestRunner.java:621)
	at org.testng.SuiteRunner.runTest(SuiteRunner.java:357)
	at org.testng.SuiteRunner.runSequentially(SuiteRunner.java:352)
	at org.testng.SuiteRunner.privateRun(SuiteRunner.java:310)
	at org.testng.SuiteRunner.run(SuiteRunner.java:259)
	at org.testng.SuiteRunnerWorker.runSuite(SuiteRunnerWorker.java:52)
	at org.testng.SuiteRunnerWorker.run(SuiteRunnerWorker.java:86)
	at org.testng.TestNG.runSuitesSequentially(TestNG.java:1199)
	at org.testng.TestNG.runSuitesLocally(TestNG.java:1124)
	at org.testng.TestNG.run(TestNG.java:1032)
	at org.testng.remote.RemoteTestNG.run(RemoteTestNG.java:111)
	at org.testng.remote.RemoteTestNG.initAndRun(RemoteTestNG.java:204)
	at org.testng.remote.RemoteTestNG.main(RemoteTestNG.java:175)
]]>
    </error>
  </testcase> <!-- sendTheLetter -->
  <testcase name="checkTheLetter" time="0.000" classname="mail.MailGmailTests">
    <error type="java.lang.Throwable" message="Method MailGmailTests.checkTheLetter()[pri:0, instance:mail.MailGmailTests@2f7c7260] depends on not successfully finished methods">
      <![CDATA[java.lang.Throwable: Method MailGmailTests.checkTheLetter()[pri:0, instance:mail.MailGmailTests@2f7c7260] depends on not successfully finished methods
	at org.testng.internal.Invoker.invokeTestMethods(Invoker.java:1063)
	at org.testng.internal.TestMethodWorker.invokeTestMethods(TestMethodWorker.java:125)
	at org.testng.internal.TestMethodWorker.run(TestMethodWorker.java:108)
	at org.testng.TestRunner.privateRun(TestRunner.java:771)
	at org.testng.TestRunner.run(TestRunner.java:621)
	at org.testng.SuiteRunner.runTest(SuiteRunner.java:357)
	at org.testng.SuiteRunner.runSequentially(SuiteRunner.java:352)
	at org.testng.SuiteRunner.privateRun(SuiteRunner.java:310)
	at org.testng.SuiteRunner.run(SuiteRunner.java:259)
	at org.testng.SuiteRunnerWorker.runSuite(SuiteRunnerWorker.java:52)
	at org.testng.SuiteRunnerWorker.run(SuiteRunnerWorker.java:86)
	at org.testng.TestNG.runSuitesSequentially(TestNG.java:1199)
	at org.testng.TestNG.runSuitesLocally(TestNG.java:1124)
	at org.testng.TestNG.run(TestNG.java:1032)
	at org.testng.remote.RemoteTestNG.run(RemoteTestNG.java:111)
	at org.testng.remote.RemoteTestNG.initAndRun(RemoteTestNG.java:204)
	at org.testng.remote.RemoteTestNG.main(RemoteTestNG.java:175)
]]>
    </error>
  </testcase> <!-- checkTheLetter -->
  <testcase name="loginToMail" time="0.001" classname="mail.MailGmailTests">
    <error type="org.openqa.selenium.WebDriverException" message="Failed to connect to binary FirefoxBinary(C:\Program Files (x86)\Mozilla Firefox\firefox.exe) on port 7055; process output follows: 
2129720	addons.xpi-utils	DEBUG	Make addon app-global:{972ce4c6-7e08-4474-a285-3208198ce6fd} visible
1432572129720	DeferredSave.extensions.json	DEBUG	Save changes
1432572129721	DeferredSave.extensions.json	DEBUG	Save changes
1432572129721	addons.xpi	DEBUG	Updating XPIState for {&quot;id&quot;:&quot;{972ce4c6-7e08-4474-a285-3208198ce6fd}&quot;,&quot;syncGUID&quot;:&quot;N66SB-yYUMaw&quot;,&quot;location&quot;:&quot;app-global&quot;,&quot;version&quot;:&quot;38.0.1&quot;,&quot;type&quot;:&quot;theme&quot;,&quot;internalName&quot;:&quot;classic/1.0&quot;,&quot;updateURL&quot;:null,&quot;updateKey&quot;:null,&quot;optionsURL&quot;:null,&quot;optionsType&quot;:null,&quot;aboutURL&quot;:null,&quot;iconURL&quot;:null,&quot;icon64URL&quot;:null,&quot;defaultLocale&quot;:{&quot;name&quot;:&quot;Default&quot;,&quot;description&quot;:&quot;The default theme.&quot;,&quot;creator&quot;:&quot;Mozilla&quot;,&quot;homepageURL&quot;:null,&quot;contributors&quot;:[&quot;Mozilla Contributors&quot;]},&quot;visible&quot;:true,&quot;active&quot;:true,&quot;userDisabled&quot;:false,&quot;appDisabled&quot;:false,&quot;descriptor&quot;:&quot;C:\\Program Files (x86)\\Mozilla Firefox\\browser\\extensions\\{972ce4c6-7e08-4474-a285-3208198ce6fd}&quot;,&quot;installDate&quot;:1432024343443,&quot;updateDate&quot;:1432024343443,&quot;applyBackgroundUpdates&quot;:1,&quot;skinnable&quot;:true,&quot;size&quot;:3175,&quot;sourceURI&quot;:null,&quot;releaseNotesURI&quot;:null,&quot;softDisabled&quot;:false,&quot;foreignInstall&quot;:false,&quot;hasBinaryComponents&quot;:false,&quot;strictCompatibility&quot;:true,&quot;locales&quot;:[],&quot;targetApplications&quot;:[{&quot;id&quot;:&quot;{ec8030f7-c20a-464f-9b0e-13a3a9e97384}&quot;,&quot;minVersion&quot;:&quot;38.0.1&quot;,&quot;maxVersion&quot;:&quot;38.0.1&quot;}],&quot;targetPlatforms&quot;:[]}
1432572129721	addons.xpi	DEBUG	getModTime: Recursive scan of {972ce4c6-7e08-4474-a285-3208198ce6fd}
1432572129723	addons.xpi	DEBUG	Updating database with changes to installed add-ons
1432572129723	addons.xpi-utils	DEBUG	Updating add-on states
1432572129723	addons.xpi-utils	DEBUG	Writing add-ons list
1432572129729	addons.manager	DEBUG	Registering shutdown blocker for XPIProvider
1432572129730	addons.manager	DEBUG	Provider finished startup: XPIProvider
1432572129730	addons.manager	DEBUG	Starting provider: LightweightThemeManager
1432572129730	addons.manager	DEBUG	Registering shutdown blocker for LightweightThemeManager
1432572129730	addons.manager	DEBUG	Provider finished startup: LightweightThemeManager
1432572129731	addons.manager	DEBUG	Starting provider: GMPProvider
1432572129735	addons.manager	DEBUG	Registering shutdown blocker for GMPProvider
1432572129736	addons.manager	DEBUG	Provider finished startup: GMPProvider
1432572129736	addons.manager	DEBUG	Starting provider: PluginProvider
1432572129736	addons.manager	DEBUG	Registering shutdown blocker for PluginProvider
1432572129736	addons.manager	DEBUG	Provider finished startup: PluginProvider
1432572129736	addons.manager	DEBUG	Completed startup sequence
1432572130074	DeferredSave.extensions.json	DEBUG	Starting timer
1432572130116	DeferredSave.extensions.json	DEBUG	Starting write
1432572130120	addons.manager	DEBUG	shutdown
1432572130120	addons.manager	DEBUG	Calling shutdown blocker for XPIProvider
1432572130121	addons.xpi	DEBUG	shutdown
1432572130121	addons.xpi-utils	DEBUG	shutdown
1432572130121	addons.manager	DEBUG	Calling shutdown blocker for LightweightThemeManager
1432572130122	addons.manager	DEBUG	Calling shutdown blocker for GMPProvider
1432572130124	addons.manager	DEBUG	Calling shutdown blocker for PluginProvider
1432572130224	DeferredSave.extensions.json	DEBUG	Write succeeded
1432572130224	addons.xpi-utils	DEBUG	XPI Database saved, setting schema version preference to 16
1432572130225	addons.xpi	DEBUG	Notifying XPI shutdown observers
1432572130228	addons.manager	DEBUG	Async provider shutdown done
JavaScript error: resource://gre/modules/BookmarkHTMLUtils.jsm, line 897: NS_ERROR_UNEXPECTED: Component returned failure code: 0x8000ffff (NS_ERROR_UNEXPECTED) [nsINavBookmarksService.removeFolderChildren]
JavaScript error: resource://gre/modules/BookmarkHTMLUtils.jsm, line 897: NS_ERROR_UNEXPECTED: Component returned failure code: 0x8000ffff (NS_ERROR_UNEXPECTED) [nsINavBookmarksService.removeFolderChildren]
JavaScript error: jar:file:///C:/Program%20Files%20(x86)/Mozilla%20Firefox/browser/omni.ja!/components/nsBrowserGlue.js, line 1890: NS_ERROR_UNEXPECTED: Component returned failure code: 0x8000ffff (NS_ERROR_UNEXPECTED) [nsIAnnotationService.getItemsWithAnnotation]

Build info: version: &#039;2.45.0&#039;, revision: &#039;5017cb8e7ca8e37638dc3091b2440b90a1d8686f&#039;, time: &#039;2015-02-27 09:10:26&#039;
System info: host: &#039;EPUAKHAW0236&#039;, ip: &#039;169.254.194.120&#039;, os.name: &#039;Windows 7&#039;, os.arch: &#039;amd64&#039;, os.version: &#039;6.1&#039;, java.version: &#039;1.8.0_40&#039;
Driver info: driver.version: FirefoxDriver">
      <![CDATA[org.openqa.selenium.WebDriverException: Failed to connect to binary FirefoxBinary(C:\Program Files (x86)\Mozilla Firefox\firefox.exe) on port 7055; process output follows: 
2129720	addons.xpi-utils	DEBUG	Make addon app-global:{972ce4c6-7e08-4474-a285-3208198ce6fd} visible
1432572129720	DeferredSave.extensions.json	DEBUG	Save changes
1432572129721	DeferredSave.extensions.json	DEBUG	Save changes
1432572129721	addons.xpi	DEBUG	Updating XPIState for {"id":"{972ce4c6-7e08-4474-a285-3208198ce6fd}","syncGUID":"N66SB-yYUMaw","location":"app-global","version":"38.0.1","type":"theme","internalName":"classic/1.0","updateURL":null,"updateKey":null,"optionsURL":null,"optionsType":null,"aboutURL":null,"iconURL":null,"icon64URL":null,"defaultLocale":{"name":"Default","description":"The default theme.","creator":"Mozilla","homepageURL":null,"contributors":["Mozilla Contributors"]},"visible":true,"active":true,"userDisabled":false,"appDisabled":false,"descriptor":"C:\\Program Files (x86)\\Mozilla Firefox\\browser\\extensions\\{972ce4c6-7e08-4474-a285-3208198ce6fd}","installDate":1432024343443,"updateDate":1432024343443,"applyBackgroundUpdates":1,"skinnable":true,"size":3175,"sourceURI":null,"releaseNotesURI":null,"softDisabled":false,"foreignInstall":false,"hasBinaryComponents":false,"strictCompatibility":true,"locales":[],"targetApplications":[{"id":"{ec8030f7-c20a-464f-9b0e-13a3a9e97384}","minVersion":"38.0.1","maxVersion":"38.0.1"}],"targetPlatforms":[]}
1432572129721	addons.xpi	DEBUG	getModTime: Recursive scan of {972ce4c6-7e08-4474-a285-3208198ce6fd}
1432572129723	addons.xpi	DEBUG	Updating database with changes to installed add-ons
1432572129723	addons.xpi-utils	DEBUG	Updating add-on states
1432572129723	addons.xpi-utils	DEBUG	Writing add-ons list
1432572129729	addons.manager	DEBUG	Registering shutdown blocker for XPIProvider
1432572129730	addons.manager	DEBUG	Provider finished startup: XPIProvider
1432572129730	addons.manager	DEBUG	Starting provider: LightweightThemeManager
1432572129730	addons.manager	DEBUG	Registering shutdown blocker for LightweightThemeManager
1432572129730	addons.manager	DEBUG	Provider finished startup: LightweightThemeManager
1432572129731	addons.manager	DEBUG	Starting provider: GMPProvider
1432572129735	addons.manager	DEBUG	Registering shutdown blocker for GMPProvider
1432572129736	addons.manager	DEBUG	Provider finished startup: GMPProvider
1432572129736	addons.manager	DEBUG	Starting provider: PluginProvider
1432572129736	addons.manager	DEBUG	Registering shutdown blocker for PluginProvider
1432572129736	addons.manager	DEBUG	Provider finished startup: PluginProvider
1432572129736	addons.manager	DEBUG	Completed startup sequence
1432572130074	DeferredSave.extensions.json	DEBUG	Starting timer
1432572130116	DeferredSave.extensions.json	DEBUG	Starting write
1432572130120	addons.manager	DEBUG	shutdown
1432572130120	addons.manager	DEBUG	Calling shutdown blocker for XPIProvider
1432572130121	addons.xpi	DEBUG	shutdown
1432572130121	addons.xpi-utils	DEBUG	shutdown
1432572130121	addons.manager	DEBUG	Calling shutdown blocker for LightweightThemeManager
1432572130122	addons.manager	DEBUG	Calling shutdown blocker for GMPProvider
1432572130124	addons.manager	DEBUG	Calling shutdown blocker for PluginProvider
1432572130224	DeferredSave.extensions.json	DEBUG	Write succeeded
1432572130224	addons.xpi-utils	DEBUG	XPI Database saved, setting schema version preference to 16
1432572130225	addons.xpi	DEBUG	Notifying XPI shutdown observers
1432572130228	addons.manager	DEBUG	Async provider shutdown done
JavaScript error: resource://gre/modules/BookmarkHTMLUtils.jsm, line 897: NS_ERROR_UNEXPECTED: Component returned failure code: 0x8000ffff (NS_ERROR_UNEXPECTED) [nsINavBookmarksService.removeFolderChildren]
JavaScript error: resource://gre/modules/BookmarkHTMLUtils.jsm, line 897: NS_ERROR_UNEXPECTED: Component returned failure code: 0x8000ffff (NS_ERROR_UNEXPECTED) [nsINavBookmarksService.removeFolderChildren]
JavaScript error: jar:file:///C:/Program%20Files%20(x86)/Mozilla%20Firefox/browser/omni.ja!/components/nsBrowserGlue.js, line 1890: NS_ERROR_UNEXPECTED: Component returned failure code: 0x8000ffff (NS_ERROR_UNEXPECTED) [nsIAnnotationService.getItemsWithAnnotation]

Build info: version: '2.45.0', revision: '5017cb8e7ca8e37638dc3091b2440b90a1d8686f', time: '2015-02-27 09:10:26'
System info: host: 'EPUAKHAW0236', ip: '169.254.194.120', os.name: 'Windows 7', os.arch: 'amd64', os.version: '6.1', java.version: '1.8.0_40'
Driver info: driver.version: FirefoxDriver
	at org.openqa.selenium.firefox.internal.NewProfileExtensionConnection.start(NewProfileExtensionConnection.java:134)
	at org.openqa.selenium.firefox.FirefoxDriver.startClient(FirefoxDriver.java:246)
	at org.openqa.selenium.remote.RemoteWebDriver.<init>(RemoteWebDriver.java:114)
	at org.openqa.selenium.firefox.FirefoxDriver.<init>(FirefoxDriver.java:191)
	at org.openqa.selenium.firefox.FirefoxDriver.<init>(FirefoxDriver.java:186)
	at org.openqa.selenium.firefox.FirefoxDriver.<init>(FirefoxDriver.java:182)
	at org.openqa.selenium.firefox.FirefoxDriver.<init>(FirefoxDriver.java:95)
	at driver.DriverInit.beforeSuite(DriverInit.java:29)
	at sun.reflect.NativeMethodAccessorImpl.invoke0(Native Method)
	at sun.reflect.NativeMethodAccessorImpl.invoke(NativeMethodAccessorImpl.java:62)
	at sun.reflect.DelegatingMethodAccessorImpl.invoke(DelegatingMethodAccessorImpl.java:43)
	at java.lang.reflect.Method.invoke(Method.java:497)
	at org.testng.internal.MethodInvocationHelper.invokeMethod(MethodInvocationHelper.java:85)
	at org.testng.internal.Invoker.invokeConfigurationMethod(Invoker.java:517)
	at org.testng.internal.Invoker.invokeConfigurations(Invoker.java:213)
	at org.testng.internal.Invoker.invokeConfigurations(Invoker.java:140)
	at org.testng.SuiteRunner.privateRun(SuiteRunner.java:296)
	at org.testng.SuiteRunner.run(SuiteRunner.java:259)
	at org.testng.SuiteRunnerWorker.runSuite(SuiteRunnerWorker.java:52)
	at org.testng.SuiteRunnerWorker.run(SuiteRunnerWorker.java:86)
	at org.testng.TestNG.runSuitesSequentially(TestNG.java:1199)
	at org.testng.TestNG.runSuitesLocally(TestNG.java:1124)
	at org.testng.TestNG.run(TestNG.java:1032)
	at org.testng.remote.RemoteTestNG.run(RemoteTestNG.java:111)
	at org.testng.remote.RemoteTestNG.initAndRun(RemoteTestNG.java:204)
	at org.testng.remote.RemoteTestNG.main(RemoteTestNG.java:175)
Caused by: org.openqa.selenium.WebDriverException: java.lang.InterruptedException: Process timed out after waiting for 45000 ms.
Build info: version: '2.45.0', revision: '5017cb8e7ca8e37638dc3091b2440b90a1d8686f', time: '2015-02-27 09:10:26'
System info: host: 'EPUAKHAW0236', ip: '169.254.194.120', os.name: 'Windows 7', os.arch: 'amd64', os.version: '6.1', java.version: '1.8.0_40'
Driver info: driver.version: FirefoxDriver
	at org.openqa.selenium.os.CommandLine.waitFor(CommandLine.java:131)
	at org.openqa.selenium.firefox.FirefoxBinary.waitFor(FirefoxBinary.java:222)
	at org.openqa.selenium.firefox.FirefoxBinary.clean(FirefoxBinary.java:242)
	at org.openqa.selenium.firefox.internal.NewProfileExtensionConnection.start(NewProfileExtensionConnection.java:91)
	... 25 more
Caused by: java.lang.InterruptedException: Process timed out after waiting for 45000 ms.
	at org.openqa.selenium.os.UnixProcess.waitFor(UnixProcess.java:148)
	at org.openqa.selenium.os.CommandLine.waitFor(CommandLine.java:129)
	... 28 more
]]>
    </error>
  </testcase> <!-- loginToMail -->
</testsuite> <!-- mail.MailGmailTests -->
