<?xml version="1.0" encoding="UTF-8"?>
<!-- Generated by org.testng.reporters.JUnitReportReporter -->
<testsuite hostname="EPUAKHAW0236" name="mail.MailIUATests" tests="4" failures="0" timestamp="25 May 2015 16:42:01 GMT" time="28.239" errors="0">
  <testcase name="checkTheLetter" time="1.936" classname="mail.MailIUATests"/>
  <testcase name="sendTheLetter" time="16.159" classname="mail.MailIUATests"/>
  <testcase name="loginToMail" time="4.139" classname="mail.MailIUATests"/>
  <testcase name="beginCreationOfLetter" time="6.005" classname="mail.MailIUATests"/>
</testsuite> <!-- mail.MailIUATests -->
