<?xml version="1.0" encoding="UTF-8"?>
<!-- Generated by org.testng.reporters.JUnitReportReporter -->
<testsuite hostname="EPUAKHAW0236" name="mail.MailGmailTests" tests="4" failures="0" timestamp="26 May 2015 10:53:38 GMT" time="17.525" errors="0">
  <testcase name="checkTheLetter" time="1.903" classname="mail.MailGmailTests"/>
  <testcase name="beginCreationOfLetter" time="6.347" classname="mail.MailGmailTests"/>
  <testcase name="sendTheLetter" time="2.494" classname="mail.MailGmailTests"/>
  <testcase name="loginToMail" time="6.781" classname="mail.MailGmailTests"/>
</testsuite> <!-- mail.MailGmailTests -->
