<?xml version="1.0" encoding="UTF-8"?>
<!-- Generated by org.testng.reporters.JUnitReportReporter -->
<testsuite hostname="EPUAKHAW0236" name="mail.MailIUATests" tests="4" failures="0" timestamp="26 May 2015 09:14:58 GMT" time="31.439" errors="0">
  <testcase name="loginToMail" time="7.743" classname="mail.MailIUATests"/>
  <testcase name="checkTheLetter" time="1.547" classname="mail.MailIUATests"/>
  <testcase name="sendTheLetter" time="17.225" classname="mail.MailIUATests"/>
  <testcase name="beginCreationOfLetter" time="4.924" classname="mail.MailIUATests"/>
</testsuite> <!-- mail.MailIUATests -->
