<?xml version="1.0" encoding="UTF-8"?>
<!-- Generated by org.testng.reporters.JUnitReportReporter -->
<testsuite hostname="EPUAKHAW0236" name="mail.MailGmailTests" tests="4" failures="0" timestamp="26 May 2015 09:14:58 GMT" time="19.341" errors="0">
  <testcase name="loginToMail" time="7.979" classname="mail.MailGmailTests"/>
  <testcase name="beginCreationOfLetter" time="6.558" classname="mail.MailGmailTests"/>
  <testcase name="checkTheLetter" time="2.015" classname="mail.MailGmailTests"/>
  <testcase name="sendTheLetter" time="2.789" classname="mail.MailGmailTests"/>
</testsuite> <!-- mail.MailGmailTests -->
