<?xml version="1.0" encoding="UTF-8"?>
<!-- Generated by org.testng.reporters.JUnitReportReporter -->
<testsuite hostname="EPUAKHAW0236" name="mail.MailYandexTests" tests="4" failures="0" timestamp="26 May 2015 10:53:38 GMT" time="16.173" errors="0">
  <testcase name="beginCreationOfLetter" time="7.207" classname="mail.MailYandexTests"/>
  <testcase name="sendTheLetter" time="3.597" classname="mail.MailYandexTests"/>
  <testcase name="checkTheLetter" time="0.884" classname="mail.MailYandexTests"/>
  <testcase name="loginToMail" time="4.485" classname="mail.MailYandexTests"/>
</testsuite> <!-- mail.MailYandexTests -->
