<?xml version="1.0" encoding="UTF-8"?>
<!-- Generated by org.testng.reporters.JUnitReportReporter -->
<testsuite hostname="EPUAKHAW0236" name="mail.MailIUATests" tests="4" failures="0" timestamp="26 May 2015 12:07:00 GMT" time="26.360" errors="0">
  <testcase name="beginCreationOfLetter" time="5.205" classname="mail.MailIUATests"/>
  <testcase name="loginToMail" time="4.076" classname="mail.MailIUATests"/>
  <testcase name="sendTheLetter" time="15.578" classname="mail.MailIUATests"/>
  <testcase name="checkTheLetter" time="1.501" classname="mail.MailIUATests"/>
</testsuite> <!-- mail.MailIUATests -->
