<?xml version="1.0" encoding="UTF-8"?>
<!-- Generated by org.testng.reporters.JUnitReportReporter -->
<testsuite hostname="EPUAKHAW0236" name="mail.MailIUATests" tests="4" failures="0" timestamp="26 May 2015 10:53:38 GMT" time="26.987" errors="0">
  <testcase name="loginToMail" time="3.143" classname="mail.MailIUATests"/>
  <testcase name="checkTheLetter" time="1.407" classname="mail.MailIUATests"/>
  <testcase name="sendTheLetter" time="16.843" classname="mail.MailIUATests"/>
  <testcase name="beginCreationOfLetter" time="5.594" classname="mail.MailIUATests"/>
</testsuite> <!-- mail.MailIUATests -->
