<?xml version="1.0" encoding="UTF-8"?>
<!-- Generated by org.testng.reporters.JUnitReportReporter -->
<testsuite hostname="EPUAKHAW0236" name="mail.MailGmailTests" tests="4" failures="0" timestamp="27 May 2015 15:46:04 GMT" time="20.967" errors="0">
  <testcase name="beginCreationOfLetter" time="6.923" classname="mail.MailGmailTests"/>
  <testcase name="checkTheLetter" time="1.938" classname="mail.MailGmailTests"/>
  <testcase name="loginToMail" time="8.928" classname="mail.MailGmailTests"/>
  <testcase name="sendTheLetter" time="3.178" classname="mail.MailGmailTests"/>
</testsuite> <!-- mail.MailGmailTests -->
