<?xml version="1.0" encoding="UTF-8"?>
<!-- Generated by org.testng.reporters.JUnitReportReporter -->
<testsuite hostname="Savostytskyi" name="mail.MailTests" tests="4" failures="0" timestamp="24 May 2015 18:37:45 GMT" time="34.587" errors="0">
  <testcase name="beginCreationOfLetter" time="9.033" classname="mail.MailTests"/>
  <testcase name="sendTheLetter" time="18.188" classname="mail.MailTests"/>
  <testcase name="loginToMail" time="4.876" classname="mail.MailTests"/>
  <testcase name="checkTheLetter" time="2.490" classname="mail.MailTests"/>
</testsuite> <!-- mail.MailTests -->
